2020-05-24 13:31:52,378 INFO  [Log] Opening Browser 
2020-05-24 13:32:00,430 INFO  [Log] Mozilla browser started 
2020-05-24 13:32:00,459 INFO  [Log] XXXXXXXXXXXXXXXXXXXXXXX             -E---N---D-             XXXXXXXXXXXXXXXXXXXXXX 
2020-05-24 13:32:00,459 INFO  [Log] X 
2020-05-24 13:32:00,459 INFO  [Log] X 
2020-05-24 13:32:00,459 INFO  [Log] X 
2020-05-24 13:32:00,459 INFO  [Log] X 
2020-05-24 13:32:00,461 INFO  [Log] Opening Browser 
2020-05-24 13:32:10,900 INFO  [Log] Mozilla browser started 
2020-05-24 13:32:10,918 INFO  [Log] XXXXXXXXXXXXXXXXXXXXXXX             -E---N---D-             XXXXXXXXXXXXXXXXXXXXXX 
2020-05-24 13:32:10,918 INFO  [Log] X 
2020-05-24 13:32:10,918 INFO  [Log] X 
2020-05-24 13:32:10,918 INFO  [Log] X 
2020-05-24 13:32:11,605 INFO  [Log] X 
2020-05-24 13:32:21,646 INFO  [Log] Not able to getproductcostUnable to locate element: object
For documentation on this error, please visit: https://www.seleniumhq.org/exceptions/no_such_element.html
Build info: version: '3.141.59', revision: 'e82be7d358', time: '2018-11-14T08:25:48'
System info: host: 'ACRO-PC', ip: '192.168.1.135', os.name: 'Windows 10', os.arch: 'amd64', os.version: '10.0', java.version: '14.0.1'
Driver info: org.openqa.selenium.firefox.FirefoxDriver
Capabilities {acceptInsecureCerts: true, browserName: firefox, browserVersion: 77.0, javascriptEnabled: true, moz:accessibilityChecks: false, moz:buildID: 20200514211331, moz:geckodriverVersion: 0.26.0, moz:headless: false, moz:processID: 24080, moz:profile: C:\Users\Acro\AppData\Local..., moz:shutdownTimeout: 60000, moz:useNonSpecCompliantPointerOrigin: false, moz:webdriverClick: true, pageLoadStrategy: normal, platform: WINDOWS, platformName: WINDOWS, platformVersion: 10.0, rotatable: false, setWindowRect: true, strictFileInteractability: false, timeouts: {implicit: 0, pageLoad: 300000, script: 30000}, unhandledPromptBehavior: dismiss and notify}
Session ID: 40c33fc9-a8ec-4dae-8e49-ca5ba751152f
*** Element info: {Using=xpath, value=object} 
2020-05-24 13:32:21,647 INFO  [Log] XXXXXXXXXXXXXXXXXXXXXXX             -E---N---D-             XXXXXXXXXXXXXXXXXXXXXX 
2020-05-24 13:32:21,647 INFO  [Log] X 
2020-05-24 13:32:21,648 INFO  [Log] X 
2020-05-24 13:32:21,648 INFO  [Log] X 
2020-05-24 13:32:21,648 INFO  [Log] X 
2020-05-24 13:32:31,676 INFO  [Log] Not able to getproductcostUnable to locate element: object
For documentation on this error, please visit: https://www.seleniumhq.org/exceptions/no_such_element.html
Build info: version: '3.141.59', revision: 'e82be7d358', time: '2018-11-14T08:25:48'
System info: host: 'ACRO-PC', ip: '192.168.1.135', os.name: 'Windows 10', os.arch: 'amd64', os.version: '10.0', java.version: '14.0.1'
Driver info: org.openqa.selenium.firefox.FirefoxDriver
Capabilities {acceptInsecureCerts: true, browserName: firefox, browserVersion: 77.0, javascriptEnabled: true, moz:accessibilityChecks: false, moz:buildID: 20200514211331, moz:geckodriverVersion: 0.26.0, moz:headless: false, moz:processID: 24080, moz:profile: C:\Users\Acro\AppData\Local..., moz:shutdownTimeout: 60000, moz:useNonSpecCompliantPointerOrigin: false, moz:webdriverClick: true, pageLoadStrategy: normal, platform: WINDOWS, platformName: WINDOWS, platformVersion: 10.0, rotatable: false, setWindowRect: true, strictFileInteractability: false, timeouts: {implicit: 0, pageLoad: 300000, script: 30000}, unhandledPromptBehavior: dismiss and notify}
Session ID: 40c33fc9-a8ec-4dae-8e49-ca5ba751152f
*** Element info: {Using=xpath, value=object} 
2020-05-24 13:32:31,681 INFO  [Log] XXXXXXXXXXXXXXXXXXXXXXX             -E---N---D-             XXXXXXXXXXXXXXXXXXXXXX 
2020-05-24 13:32:31,681 INFO  [Log] X 
2020-05-24 13:32:31,681 INFO  [Log] X 
2020-05-24 13:32:31,682 INFO  [Log] X 
2020-05-24 13:32:31,682 INFO  [Log] X 
2020-05-24 13:48:05,055 INFO  [Log] Opening Browser 
2020-05-24 13:48:14,560 INFO  [Log] Mozilla browser started 
2020-05-24 13:48:15,286 INFO  [Log] Opening page URL 
2020-05-24 13:48:26,943 INFO  [Log] Clicking button   ---btn_Signin 
2020-05-24 13:48:30,497 INFO  [Log] Entering Email Address 
2020-05-24 13:48:31,681 INFO  [Log] Clicking button   ---btn_creatanAccount 
2020-05-24 13:48:32,117 INFO  [Log] Providing registration details 
2020-05-24 13:48:36,038 INFO  [Log] Providing Password  
2020-05-24 13:48:36,358 INFO  [Log] Clicking button   ---btn_Register 
2020-05-24 13:48:39,570 INFO  [Log] Closing Browser 
2020-05-24 13:48:44,454 INFO  [Log] Opening Browser 
2020-05-24 13:48:53,409 INFO  [Log] Mozilla browser started 
2020-05-24 13:48:53,746 INFO  [Log] XXXXXXXXXXXXXXXXXXXXXXX             -E---N---D-             XXXXXXXXXXXXXXXXXXXXXX 
2020-05-24 13:48:53,749 INFO  [Log] X 
2020-05-24 13:48:53,749 INFO  [Log] X 
2020-05-24 13:48:53,749 INFO  [Log] X 
2020-05-24 13:48:53,749 INFO  [Log] X 
2020-05-24 13:48:53,751 INFO  [Log] Opening Browser 
2020-05-24 13:49:04,572 INFO  [Log] Mozilla browser started 
2020-05-24 13:49:04,680 INFO  [Log] Opening page URL 
2020-05-24 13:49:14,661 INFO  [Log] Clicking button   ---btn_Signin 
2020-05-24 13:49:17,250 INFO  [Log] Entering Email Address 
2020-05-24 13:49:17,972 INFO  [Log] Providing Password  
2020-05-24 13:49:18,327 INFO  [Log] Clicking button   ---txtbx_LoginBtn 
2020-05-24 13:49:21,276 INFO  [Log] XXXXXXXXXXXXXXXXXXXXXXX             -E---N---D-             XXXXXXXXXXXXXXXXXXXXXX 
2020-05-24 13:49:21,276 INFO  [Log] X 
2020-05-24 13:49:21,276 INFO  [Log] X 
2020-05-24 13:49:21,276 INFO  [Log] X 
2020-05-24 13:49:21,276 INFO  [Log] X 
2020-05-24 13:49:31,340 INFO  [Log] Not able to getproductcost---Unable to locate element: object
For documentation on this error, please visit: https://www.seleniumhq.org/exceptions/no_such_element.html
Build info: version: '3.141.59', revision: 'e82be7d358', time: '2018-11-14T08:25:48'
System info: host: 'ACRO-PC', ip: '192.168.1.135', os.name: 'Windows 10', os.arch: 'amd64', os.version: '10.0', java.version: '14.0.1'
Driver info: org.openqa.selenium.firefox.FirefoxDriver
Capabilities {acceptInsecureCerts: true, browserName: firefox, browserVersion: 77.0, javascriptEnabled: true, moz:accessibilityChecks: false, moz:buildID: 20200514211331, moz:geckodriverVersion: 0.26.0, moz:headless: false, moz:processID: 8736, moz:profile: C:\Users\Acro\AppData\Local..., moz:shutdownTimeout: 60000, moz:useNonSpecCompliantPointerOrigin: false, moz:webdriverClick: true, pageLoadStrategy: normal, platform: WINDOWS, platformName: WINDOWS, platformVersion: 10.0, rotatable: false, setWindowRect: true, strictFileInteractability: false, timeouts: {implicit: 0, pageLoad: 300000, script: 30000}, unhandledPromptBehavior: dismiss and notify}
Session ID: 3b4a4c5c-d452-427f-81b9-5a92b292bf72
*** Element info: {Using=xpath, value=object} 
2020-05-24 13:49:31,735 INFO  [Log] Closing Browser 
2020-05-24 13:49:38,028 INFO  [Log] XXXXXXXXXXXXXXXXXXXXXXX             -E---N---D-             XXXXXXXXXXXXXXXXXXXXXX 
2020-05-24 13:49:38,028 INFO  [Log] X 
2020-05-24 13:49:38,028 INFO  [Log] X 
2020-05-24 13:49:38,028 INFO  [Log] X 
2020-05-24 13:49:38,028 INFO  [Log] X 
2020-05-24 13:49:38,030 INFO  [Log] Not able to getproductcost---Session ID is null. Using WebDriver after calling quit()?
Build info: version: '3.141.59', revision: 'e82be7d358', time: '2018-11-14T08:25:48'
System info: host: 'ACRO-PC', ip: '192.168.1.135', os.name: 'Windows 10', os.arch: 'amd64', os.version: '10.0', java.version: '14.0.1'
Driver info: driver.version: RemoteWebDriver 
2020-05-24 13:49:38,085 INFO  [Log] Closing Browser 
2020-05-24 13:49:38,246 INFO  [Log] XXXXXXXXXXXXXXXXXXXXXXX             -E---N---D-             XXXXXXXXXXXXXXXXXXXXXX 
2020-05-24 13:49:38,246 INFO  [Log] X 
2020-05-24 13:49:38,246 INFO  [Log] X 
2020-05-24 13:49:38,246 INFO  [Log] X 
2020-05-24 13:49:38,246 INFO  [Log] X 
2020-05-24 14:03:41,784 INFO  [Log] Opening Browser 
2020-05-24 14:03:50,777 INFO  [Log] Mozilla browser started 
2020-05-24 14:03:51,446 INFO  [Log] Opening page URL 
2020-05-24 14:04:03,343 INFO  [Log] Clicking button   ---btn_Signin 
2020-05-24 14:04:10,169 INFO  [Log] Entering Email Address 
2020-05-24 14:04:10,728 INFO  [Log] Providing Password  
2020-05-24 14:04:11,175 INFO  [Log] Clicking button   ---txtbx_LoginBtn 
2020-05-24 14:04:13,958 INFO  [Log] XXXXXXXXXXXXXXXXXXXXXXX             -E---N---D-             XXXXXXXXXXXXXXXXXXXXXX 
2020-05-24 14:04:13,959 INFO  [Log] X 
2020-05-24 14:04:13,959 INFO  [Log] X 
2020-05-24 14:04:13,959 INFO  [Log] X 
2020-05-24 14:04:13,959 INFO  [Log] X 
2020-05-24 14:04:24,007 INFO  [Log] Not able to getproductcost---Unable to locate element: object
For documentation on this error, please visit: https://www.seleniumhq.org/exceptions/no_such_element.html
Build info: version: '3.141.59', revision: 'e82be7d358', time: '2018-11-14T08:25:48'
System info: host: 'ACRO-PC', ip: '192.168.1.135', os.name: 'Windows 10', os.arch: 'amd64', os.version: '10.0', java.version: '14.0.1'
Driver info: org.openqa.selenium.firefox.FirefoxDriver
Capabilities {acceptInsecureCerts: true, browserName: firefox, browserVersion: 77.0, javascriptEnabled: true, moz:accessibilityChecks: false, moz:buildID: 20200514211331, moz:geckodriverVersion: 0.26.0, moz:headless: false, moz:processID: 15304, moz:profile: C:\Users\Acro\AppData\Local..., moz:shutdownTimeout: 60000, moz:useNonSpecCompliantPointerOrigin: false, moz:webdriverClick: true, pageLoadStrategy: normal, platform: WINDOWS, platformName: WINDOWS, platformVersion: 10.0, rotatable: false, setWindowRect: true, strictFileInteractability: false, timeouts: {implicit: 0, pageLoad: 300000, script: 30000}, unhandledPromptBehavior: dismiss and notify}
Session ID: d05d62b8-06b0-49fa-91b6-096eef37436e
*** Element info: {Using=xpath, value=object} 
2020-05-24 14:04:24,111 INFO  [Log] Closing Browser 
2020-05-24 14:04:24,197 INFO  [Log] XXXXXXXXXXXXXXXXXXXXXXX             -E---N---D-             XXXXXXXXXXXXXXXXXXXXXX 
2020-05-24 14:04:24,197 INFO  [Log] X 
2020-05-24 14:04:24,197 INFO  [Log] X 
2020-05-24 14:04:24,197 INFO  [Log] X 
2020-05-24 14:04:24,197 INFO  [Log] X 
2020-05-24 14:04:34,209 INFO  [Log] Not able to getproductcost---Unable to locate element: object
For documentation on this error, please visit: https://www.seleniumhq.org/exceptions/no_such_element.html
Build info: version: '3.141.59', revision: 'e82be7d358', time: '2018-11-14T08:25:48'
System info: host: 'ACRO-PC', ip: '192.168.1.135', os.name: 'Windows 10', os.arch: 'amd64', os.version: '10.0', java.version: '14.0.1'
Driver info: org.openqa.selenium.firefox.FirefoxDriver
Capabilities {acceptInsecureCerts: true, browserName: firefox, browserVersion: 77.0, javascriptEnabled: true, moz:accessibilityChecks: false, moz:buildID: 20200514211331, moz:geckodriverVersion: 0.26.0, moz:headless: false, moz:processID: 15304, moz:profile: C:\Users\Acro\AppData\Local..., moz:shutdownTimeout: 60000, moz:useNonSpecCompliantPointerOrigin: false, moz:webdriverClick: true, pageLoadStrategy: normal, platform: WINDOWS, platformName: WINDOWS, platformVersion: 10.0, rotatable: false, setWindowRect: true, strictFileInteractability: false, timeouts: {implicit: 0, pageLoad: 300000, script: 30000}, unhandledPromptBehavior: dismiss and notify}
Session ID: d05d62b8-06b0-49fa-91b6-096eef37436e
*** Element info: {Using=xpath, value=object} 
2020-05-24 14:04:34,282 INFO  [Log] Closing Browser 
2020-05-24 14:04:34,361 INFO  [Log] XXXXXXXXXXXXXXXXXXXXXXX             -E---N---D-             XXXXXXXXXXXXXXXXXXXXXX 
2020-05-24 14:04:34,362 INFO  [Log] X 
2020-05-24 14:04:34,362 INFO  [Log] X 
2020-05-24 14:04:34,362 INFO  [Log] X 
2020-05-24 14:04:34,362 INFO  [Log] X 
2020-05-24 14:04:34,364 INFO  [Log] Clicking button   ---lnk_Orders 
2020-05-24 14:04:46,187 INFO  [Log] Not able to verify --- Unable to locate element: object
For documentation on this error, please visit: https://www.seleniumhq.org/exceptions/no_such_element.html
Build info: version: '3.141.59', revision: 'e82be7d358', time: '2018-11-14T08:25:48'
System info: host: 'ACRO-PC', ip: '192.168.1.135', os.name: 'Windows 10', os.arch: 'amd64', os.version: '10.0', java.version: '14.0.1'
Driver info: org.openqa.selenium.firefox.FirefoxDriver
Capabilities {acceptInsecureCerts: true, browserName: firefox, browserVersion: 77.0, javascriptEnabled: true, moz:accessibilityChecks: false, moz:buildID: 20200514211331, moz:geckodriverVersion: 0.26.0, moz:headless: false, moz:processID: 15304, moz:profile: C:\Users\Acro\AppData\Local..., moz:shutdownTimeout: 60000, moz:useNonSpecCompliantPointerOrigin: false, moz:webdriverClick: true, pageLoadStrategy: normal, platform: WINDOWS, platformName: WINDOWS, platformVersion: 10.0, rotatable: false, setWindowRect: true, strictFileInteractability: false, timeouts: {implicit: 0, pageLoad: 300000, script: 30000}, unhandledPromptBehavior: dismiss and notify}
Session ID: d05d62b8-06b0-49fa-91b6-096eef37436e
*** Element info: {Using=xpath, value=object} 
2020-05-24 14:04:46,548 INFO  [Log] Closing Browser 
2020-05-24 14:04:46,675 INFO  [Log] XXXXXXXXXXXXXXXXXXXXXXX             -E---N---D-             XXXXXXXXXXXXXXXXXXXXXX 
2020-05-24 14:04:46,675 INFO  [Log] X 
2020-05-24 14:04:46,675 INFO  [Log] X 
2020-05-24 14:04:46,675 INFO  [Log] X 
2020-05-24 14:04:46,675 INFO  [Log] X 
2020-05-24 14:06:29,491 INFO  [Log] Opening Browser 
2020-05-24 14:06:38,996 INFO  [Log] Mozilla browser started 
2020-05-24 14:06:39,736 INFO  [Log] Opening page URL 
2020-05-24 14:07:05,335 INFO  [Log] Clicking button   ---btn_Signin 
2020-05-24 14:07:08,498 INFO  [Log] Entering Email Address 
2020-05-24 14:07:08,972 INFO  [Log] Providing Password  
2020-05-24 14:07:09,424 INFO  [Log] Clicking button   ---txtbx_LoginBtn 
2020-05-24 14:07:12,919 INFO  [Log] XXXXXXXXXXXXXXXXXXXXXXX             -E---N---D-             XXXXXXXXXXXXXXXXXXXXXX 
2020-05-24 14:07:12,920 INFO  [Log] X 
2020-05-24 14:07:12,920 INFO  [Log] X 
2020-05-24 14:07:12,921 INFO  [Log] X 
2020-05-24 14:07:12,921 INFO  [Log] X 
2020-05-24 14:07:22,963 INFO  [Log] Not able to getproductcost---Unable to locate element: object
For documentation on this error, please visit: https://www.seleniumhq.org/exceptions/no_such_element.html
Build info: version: '3.141.59', revision: 'e82be7d358', time: '2018-11-14T08:25:48'
System info: host: 'ACRO-PC', ip: '192.168.1.135', os.name: 'Windows 10', os.arch: 'amd64', os.version: '10.0', java.version: '14.0.1'
Driver info: org.openqa.selenium.firefox.FirefoxDriver
Capabilities {acceptInsecureCerts: true, browserName: firefox, browserVersion: 77.0, javascriptEnabled: true, moz:accessibilityChecks: false, moz:buildID: 20200514211331, moz:geckodriverVersion: 0.26.0, moz:headless: false, moz:processID: 17688, moz:profile: C:\Users\Acro\AppData\Local..., moz:shutdownTimeout: 60000, moz:useNonSpecCompliantPointerOrigin: false, moz:webdriverClick: true, pageLoadStrategy: normal, platform: WINDOWS, platformName: WINDOWS, platformVersion: 10.0, rotatable: false, setWindowRect: true, strictFileInteractability: false, timeouts: {implicit: 0, pageLoad: 300000, script: 30000}, unhandledPromptBehavior: dismiss and notify}
Session ID: caf6127f-a71a-4275-9e60-b702dd641832
*** Element info: {Using=xpath, value=object} 
2020-05-24 14:07:23,062 INFO  [Log] Closing Browser 
2020-05-24 14:07:23,176 INFO  [Log] XXXXXXXXXXXXXXXXXXXXXXX             -E---N---D-             XXXXXXXXXXXXXXXXXXXXXX 
2020-05-24 14:07:23,176 INFO  [Log] X 
2020-05-24 14:07:23,176 INFO  [Log] X 
2020-05-24 14:07:23,176 INFO  [Log] X 
2020-05-24 14:07:23,176 INFO  [Log] X 
2020-05-24 14:07:33,196 INFO  [Log] Not able to getproductcost---Unable to locate element: object
For documentation on this error, please visit: https://www.seleniumhq.org/exceptions/no_such_element.html
Build info: version: '3.141.59', revision: 'e82be7d358', time: '2018-11-14T08:25:48'
System info: host: 'ACRO-PC', ip: '192.168.1.135', os.name: 'Windows 10', os.arch: 'amd64', os.version: '10.0', java.version: '14.0.1'
Driver info: org.openqa.selenium.firefox.FirefoxDriver
Capabilities {acceptInsecureCerts: true, browserName: firefox, browserVersion: 77.0, javascriptEnabled: true, moz:accessibilityChecks: false, moz:buildID: 20200514211331, moz:geckodriverVersion: 0.26.0, moz:headless: false, moz:processID: 17688, moz:profile: C:\Users\Acro\AppData\Local..., moz:shutdownTimeout: 60000, moz:useNonSpecCompliantPointerOrigin: false, moz:webdriverClick: true, pageLoadStrategy: normal, platform: WINDOWS, platformName: WINDOWS, platformVersion: 10.0, rotatable: false, setWindowRect: true, strictFileInteractability: false, timeouts: {implicit: 0, pageLoad: 300000, script: 30000}, unhandledPromptBehavior: dismiss and notify}
Session ID: caf6127f-a71a-4275-9e60-b702dd641832
*** Element info: {Using=xpath, value=object} 
2020-05-24 14:07:33,791 INFO  [Log] Closing Browser 
2020-05-24 14:07:34,075 INFO  [Log] XXXXXXXXXXXXXXXXXXXXXXX             -E---N---D-             XXXXXXXXXXXXXXXXXXXXXX 
2020-05-24 14:07:34,076 INFO  [Log] X 
2020-05-24 14:07:34,079 INFO  [Log] X 
2020-05-24 14:07:34,079 INFO  [Log] X 
2020-05-24 14:07:34,079 INFO  [Log] X 
2020-05-24 14:07:34,089 INFO  [Log] Clicking button   ---lnk_Orders 
2020-05-24 14:07:47,185 INFO  [Log] Not able to verify --- Unable to locate element: object
For documentation on this error, please visit: https://www.seleniumhq.org/exceptions/no_such_element.html
Build info: version: '3.141.59', revision: 'e82be7d358', time: '2018-11-14T08:25:48'
System info: host: 'ACRO-PC', ip: '192.168.1.135', os.name: 'Windows 10', os.arch: 'amd64', os.version: '10.0', java.version: '14.0.1'
Driver info: org.openqa.selenium.firefox.FirefoxDriver
Capabilities {acceptInsecureCerts: true, browserName: firefox, browserVersion: 77.0, javascriptEnabled: true, moz:accessibilityChecks: false, moz:buildID: 20200514211331, moz:geckodriverVersion: 0.26.0, moz:headless: false, moz:processID: 17688, moz:profile: C:\Users\Acro\AppData\Local..., moz:shutdownTimeout: 60000, moz:useNonSpecCompliantPointerOrigin: false, moz:webdriverClick: true, pageLoadStrategy: normal, platform: WINDOWS, platformName: WINDOWS, platformVersion: 10.0, rotatable: false, setWindowRect: true, strictFileInteractability: false, timeouts: {implicit: 0, pageLoad: 300000, script: 30000}, unhandledPromptBehavior: dismiss and notify}
Session ID: caf6127f-a71a-4275-9e60-b702dd641832
*** Element info: {Using=xpath, value=object} 
2020-05-24 14:07:47,247 INFO  [Log] Closing Browser 
2020-05-24 14:07:47,316 INFO  [Log] XXXXXXXXXXXXXXXXXXXXXXX             -E---N---D-             XXXXXXXXXXXXXXXXXXXXXX 
2020-05-24 14:07:47,316 INFO  [Log] X 
2020-05-24 14:07:47,316 INFO  [Log] X 
2020-05-24 14:07:47,317 INFO  [Log] X 
2020-05-24 14:07:47,317 INFO  [Log] X 
2020-05-24 14:37:32,592 INFO  [Log] Opening Browser 
2020-05-24 14:37:40,764 INFO  [Log] Mozilla browser started 
2020-05-24 14:37:42,555 INFO  [Log] Opening page URL 
2020-05-24 14:38:18,348 INFO  [Log] Clicking button   ---btn_Signin 
2020-05-24 14:39:54,396 INFO  [Log] Entering Email Address 
2020-05-24 14:39:55,140 INFO  [Log] Providing Password  
2020-05-24 14:39:55,479 INFO  [Log] Clicking button   ---txtbx_LoginBtn 
2020-05-24 14:39:59,439 INFO  [Log] XXXXXXXXXXXXXXXXXXXXXXX             -E---N---D-             XXXXXXXXXXXXXXXXXXXXXX 
2020-05-24 14:39:59,439 INFO  [Log] X 
2020-05-24 14:39:59,440 INFO  [Log] X 
2020-05-24 14:39:59,440 INFO  [Log] X 
2020-05-24 14:39:59,440 INFO  [Log] X 
2020-05-24 14:40:09,470 INFO  [Log] Not able to getproductcost---Unable to locate element: object
For documentation on this error, please visit: https://www.seleniumhq.org/exceptions/no_such_element.html
Build info: version: '3.141.59', revision: 'e82be7d358', time: '2018-11-14T08:25:48'
System info: host: 'ACRO-PC', ip: '192.168.1.135', os.name: 'Windows 10', os.arch: 'amd64', os.version: '10.0', java.version: '14.0.1'
Driver info: org.openqa.selenium.firefox.FirefoxDriver
Capabilities {acceptInsecureCerts: true, browserName: firefox, browserVersion: 77.0, javascriptEnabled: true, moz:accessibilityChecks: false, moz:buildID: 20200514211331, moz:geckodriverVersion: 0.26.0, moz:headless: false, moz:processID: 21540, moz:profile: C:\Users\Acro\AppData\Local..., moz:shutdownTimeout: 60000, moz:useNonSpecCompliantPointerOrigin: false, moz:webdriverClick: true, pageLoadStrategy: normal, platform: WINDOWS, platformName: WINDOWS, platformVersion: 10.0, rotatable: false, setWindowRect: true, strictFileInteractability: false, timeouts: {implicit: 0, pageLoad: 300000, script: 30000}, unhandledPromptBehavior: dismiss and notify}
Session ID: 78b2689d-bbdc-494c-b0aa-8786e344641b
*** Element info: {Using=xpath, value=object} 
2020-05-24 14:40:09,648 INFO  [Log] Closing Browser 
2020-05-24 14:40:09,756 INFO  [Log] XXXXXXXXXXXXXXXXXXXXXXX             -E---N---D-             XXXXXXXXXXXXXXXXXXXXXX 
2020-05-24 14:40:09,756 INFO  [Log] X 
2020-05-24 14:40:09,756 INFO  [Log] X 
2020-05-24 14:40:09,756 INFO  [Log] X 
2020-05-24 14:40:09,756 INFO  [Log] X 
2020-05-24 14:40:19,777 INFO  [Log] Not able to getproductcost---Unable to locate element: object
For documentation on this error, please visit: https://www.seleniumhq.org/exceptions/no_such_element.html
Build info: version: '3.141.59', revision: 'e82be7d358', time: '2018-11-14T08:25:48'
System info: host: 'ACRO-PC', ip: '192.168.1.135', os.name: 'Windows 10', os.arch: 'amd64', os.version: '10.0', java.version: '14.0.1'
Driver info: org.openqa.selenium.firefox.FirefoxDriver
Capabilities {acceptInsecureCerts: true, browserName: firefox, browserVersion: 77.0, javascriptEnabled: true, moz:accessibilityChecks: false, moz:buildID: 20200514211331, moz:geckodriverVersion: 0.26.0, moz:headless: false, moz:processID: 21540, moz:profile: C:\Users\Acro\AppData\Local..., moz:shutdownTimeout: 60000, moz:useNonSpecCompliantPointerOrigin: false, moz:webdriverClick: true, pageLoadStrategy: normal, platform: WINDOWS, platformName: WINDOWS, platformVersion: 10.0, rotatable: false, setWindowRect: true, strictFileInteractability: false, timeouts: {implicit: 0, pageLoad: 300000, script: 30000}, unhandledPromptBehavior: dismiss and notify}
Session ID: 78b2689d-bbdc-494c-b0aa-8786e344641b
*** Element info: {Using=xpath, value=object} 
2020-05-24 14:40:19,870 INFO  [Log] Closing Browser 
2020-05-24 14:40:19,959 INFO  [Log] XXXXXXXXXXXXXXXXXXXXXXX             -E---N---D-             XXXXXXXXXXXXXXXXXXXXXX 
2020-05-24 14:40:19,959 INFO  [Log] X 
2020-05-24 14:40:19,959 INFO  [Log] X 
2020-05-24 14:40:19,959 INFO  [Log] X 
2020-05-24 14:40:19,959 INFO  [Log] X 
2020-05-24 14:40:19,961 INFO  [Log] Clicking button   ---lnk_Orders 
2020-05-24 14:40:32,274 INFO  [Log] Not able to verify --- Unable to locate element: object
For documentation on this error, please visit: https://www.seleniumhq.org/exceptions/no_such_element.html
Build info: version: '3.141.59', revision: 'e82be7d358', time: '2018-11-14T08:25:48'
System info: host: 'ACRO-PC', ip: '192.168.1.135', os.name: 'Windows 10', os.arch: 'amd64', os.version: '10.0', java.version: '14.0.1'
Driver info: org.openqa.selenium.firefox.FirefoxDriver
Capabilities {acceptInsecureCerts: true, browserName: firefox, browserVersion: 77.0, javascriptEnabled: true, moz:accessibilityChecks: false, moz:buildID: 20200514211331, moz:geckodriverVersion: 0.26.0, moz:headless: false, moz:processID: 21540, moz:profile: C:\Users\Acro\AppData\Local..., moz:shutdownTimeout: 60000, moz:useNonSpecCompliantPointerOrigin: false, moz:webdriverClick: true, pageLoadStrategy: normal, platform: WINDOWS, platformName: WINDOWS, platformVersion: 10.0, rotatable: false, setWindowRect: true, strictFileInteractability: false, timeouts: {implicit: 0, pageLoad: 300000, script: 30000}, unhandledPromptBehavior: dismiss and notify}
Session ID: 78b2689d-bbdc-494c-b0aa-8786e344641b
*** Element info: {Using=xpath, value=object} 
2020-05-24 14:40:32,362 INFO  [Log] Closing Browser 
2020-05-24 14:40:32,515 INFO  [Log] XXXXXXXXXXXXXXXXXXXXXXX             -E---N---D-             XXXXXXXXXXXXXXXXXXXXXX 
2020-05-24 14:40:32,515 INFO  [Log] X 
2020-05-24 14:40:32,515 INFO  [Log] X 
2020-05-24 14:40:32,515 INFO  [Log] X 
2020-05-24 14:40:32,515 INFO  [Log] X 
2020-05-24 14:42:57,969 INFO  [Log] Opening Browser 
2020-05-24 14:43:06,518 INFO  [Log] Mozilla browser started 
2020-05-24 14:43:07,863 INFO  [Log] Opening page URL 
2020-05-24 14:43:20,277 INFO  [Log] Clicking button   ---btn_Signin 
2020-05-24 14:43:33,297 INFO  [Log] Entering Email Address 
2020-05-24 14:43:33,655 INFO  [Log] Providing Password  
2020-05-24 14:43:33,982 INFO  [Log] Clicking button   ---txtbx_LoginBtn 
2020-05-24 14:43:36,434 INFO  [Log] Hover over 
2020-05-24 14:43:46,499 INFO  [Log] Not able to Hover --- Unable to locate element: object
For documentation on this error, please visit: https://www.seleniumhq.org/exceptions/no_such_element.html
Build info: version: '3.141.59', revision: 'e82be7d358', time: '2018-11-14T08:25:48'
System info: host: 'ACRO-PC', ip: '192.168.1.135', os.name: 'Windows 10', os.arch: 'amd64', os.version: '10.0', java.version: '14.0.1'
Driver info: org.openqa.selenium.firefox.FirefoxDriver
Capabilities {acceptInsecureCerts: true, browserName: firefox, browserVersion: 77.0, javascriptEnabled: true, moz:accessibilityChecks: false, moz:buildID: 20200514211331, moz:geckodriverVersion: 0.26.0, moz:headless: false, moz:processID: 20148, moz:profile: C:\Users\Acro\AppData\Local..., moz:shutdownTimeout: 60000, moz:useNonSpecCompliantPointerOrigin: false, moz:webdriverClick: true, pageLoadStrategy: normal, platform: WINDOWS, platformName: WINDOWS, platformVersion: 10.0, rotatable: false, setWindowRect: true, strictFileInteractability: false, timeouts: {implicit: 0, pageLoad: 300000, script: 30000}, unhandledPromptBehavior: dismiss and notify}
Session ID: bcba0394-544e-4534-ae41-4edcc03115d6
*** Element info: {Using=xpath, value=object} 
2020-05-24 14:43:46,579 INFO  [Log] Closing Browser 
2020-05-24 14:43:46,677 INFO  [Log] XXXXXXXXXXXXXXXXXXXXXXX             -E---N---D-             XXXXXXXXXXXXXXXXXXXXXX 
2020-05-24 14:43:46,677 INFO  [Log] X 
2020-05-24 14:43:46,678 INFO  [Log] X 
2020-05-24 14:43:46,678 INFO  [Log] X 
2020-05-24 14:43:46,678 INFO  [Log] X 
2020-05-24 14:43:46,679 INFO  [Log] Hover over 
2020-05-24 14:43:56,695 INFO  [Log] Not able to Hover --- Unable to locate element: object
For documentation on this error, please visit: https://www.seleniumhq.org/exceptions/no_such_element.html
Build info: version: '3.141.59', revision: 'e82be7d358', time: '2018-11-14T08:25:48'
System info: host: 'ACRO-PC', ip: '192.168.1.135', os.name: 'Windows 10', os.arch: 'amd64', os.version: '10.0', java.version: '14.0.1'
Driver info: org.openqa.selenium.firefox.FirefoxDriver
Capabilities {acceptInsecureCerts: true, browserName: firefox, browserVersion: 77.0, javascriptEnabled: true, moz:accessibilityChecks: false, moz:buildID: 20200514211331, moz:geckodriverVersion: 0.26.0, moz:headless: false, moz:processID: 20148, moz:profile: C:\Users\Acro\AppData\Local..., moz:shutdownTimeout: 60000, moz:useNonSpecCompliantPointerOrigin: false, moz:webdriverClick: true, pageLoadStrategy: normal, platform: WINDOWS, platformName: WINDOWS, platformVersion: 10.0, rotatable: false, setWindowRect: true, strictFileInteractability: false, timeouts: {implicit: 0, pageLoad: 300000, script: 30000}, unhandledPromptBehavior: dismiss and notify}
Session ID: bcba0394-544e-4534-ae41-4edcc03115d6
*** Element info: {Using=xpath, value=object} 
2020-05-24 14:43:56,901 INFO  [Log] Closing Browser 
2020-05-24 14:43:57,080 INFO  [Log] XXXXXXXXXXXXXXXXXXXXXXX             -E---N---D-             XXXXXXXXXXXXXXXXXXXXXX 
2020-05-24 14:43:57,080 INFO  [Log] X 
2020-05-24 14:43:57,081 INFO  [Log] X 
2020-05-24 14:43:57,081 INFO  [Log] X 
2020-05-24 14:43:57,081 INFO  [Log] X 
2020-05-24 14:44:07,105 INFO  [Log] Not able to getproductcost---Unable to locate element: object
For documentation on this error, please visit: https://www.seleniumhq.org/exceptions/no_such_element.html
Build info: version: '3.141.59', revision: 'e82be7d358', time: '2018-11-14T08:25:48'
System info: host: 'ACRO-PC', ip: '192.168.1.135', os.name: 'Windows 10', os.arch: 'amd64', os.version: '10.0', java.version: '14.0.1'
Driver info: org.openqa.selenium.firefox.FirefoxDriver
Capabilities {acceptInsecureCerts: true, browserName: firefox, browserVersion: 77.0, javascriptEnabled: true, moz:accessibilityChecks: false, moz:buildID: 20200514211331, moz:geckodriverVersion: 0.26.0, moz:headless: false, moz:processID: 20148, moz:profile: C:\Users\Acro\AppData\Local..., moz:shutdownTimeout: 60000, moz:useNonSpecCompliantPointerOrigin: false, moz:webdriverClick: true, pageLoadStrategy: normal, platform: WINDOWS, platformName: WINDOWS, platformVersion: 10.0, rotatable: false, setWindowRect: true, strictFileInteractability: false, timeouts: {implicit: 0, pageLoad: 300000, script: 30000}, unhandledPromptBehavior: dismiss and notify}
Session ID: bcba0394-544e-4534-ae41-4edcc03115d6
*** Element info: {Using=xpath, value=object} 
2020-05-24 14:44:07,171 INFO  [Log] Closing Browser 
2020-05-24 14:44:07,283 INFO  [Log] XXXXXXXXXXXXXXXXXXXXXXX             -E---N---D-             XXXXXXXXXXXXXXXXXXXXXX 
2020-05-24 14:44:07,283 INFO  [Log] X 
2020-05-24 14:44:07,283 INFO  [Log] X 
2020-05-24 14:44:07,283 INFO  [Log] X 
2020-05-24 14:44:07,283 INFO  [Log] X 
2020-05-24 14:44:07,285 INFO  [Log] Clicking button   ---lnk_Orders 
2020-05-24 14:44:19,180 INFO  [Log] Not able to verify --- Unable to locate element: object
For documentation on this error, please visit: https://www.seleniumhq.org/exceptions/no_such_element.html
Build info: version: '3.141.59', revision: 'e82be7d358', time: '2018-11-14T08:25:48'
System info: host: 'ACRO-PC', ip: '192.168.1.135', os.name: 'Windows 10', os.arch: 'amd64', os.version: '10.0', java.version: '14.0.1'
Driver info: org.openqa.selenium.firefox.FirefoxDriver
Capabilities {acceptInsecureCerts: true, browserName: firefox, browserVersion: 77.0, javascriptEnabled: true, moz:accessibilityChecks: false, moz:buildID: 20200514211331, moz:geckodriverVersion: 0.26.0, moz:headless: false, moz:processID: 20148, moz:profile: C:\Users\Acro\AppData\Local..., moz:shutdownTimeout: 60000, moz:useNonSpecCompliantPointerOrigin: false, moz:webdriverClick: true, pageLoadStrategy: normal, platform: WINDOWS, platformName: WINDOWS, platformVersion: 10.0, rotatable: false, setWindowRect: true, strictFileInteractability: false, timeouts: {implicit: 0, pageLoad: 300000, script: 30000}, unhandledPromptBehavior: dismiss and notify}
Session ID: bcba0394-544e-4534-ae41-4edcc03115d6
*** Element info: {Using=xpath, value=object} 
2020-05-24 14:44:19,247 INFO  [Log] Closing Browser 
2020-05-24 14:44:19,340 INFO  [Log] XXXXXXXXXXXXXXXXXXXXXXX             -E---N---D-             XXXXXXXXXXXXXXXXXXXXXX 
2020-05-24 14:44:19,340 INFO  [Log] X 
2020-05-24 14:44:19,340 INFO  [Log] X 
2020-05-24 14:44:19,340 INFO  [Log] X 
2020-05-24 14:44:19,340 INFO  [Log] X 
2020-05-24 14:51:06,723 INFO  [Log] Opening Browser 
2020-05-24 14:51:14,568 INFO  [Log] Mozilla browser started 
2020-05-24 14:51:15,407 INFO  [Log] Opening page URL 
2020-05-24 14:51:27,542 INFO  [Log] Clicking button   ---btn_Signin 
2020-05-24 14:51:30,768 INFO  [Log] Entering Email Address 
2020-05-24 14:51:31,802 INFO  [Log] Providing Password  
2020-05-24 14:51:32,199 INFO  [Log] Clicking button   ---txtbx_LoginBtn 
2020-05-24 14:51:34,991 INFO  [Log] Clicking button   ---menu_Women 
2020-05-24 14:51:38,771 INFO  [Log] XXXXXXXXXXXXXXXXXXXXXXX             -E---N---D-             XXXXXXXXXXXXXXXXXXXXXX 
2020-05-24 14:51:38,771 INFO  [Log] X 
2020-05-24 14:51:38,771 INFO  [Log] X 
2020-05-24 14:51:38,771 INFO  [Log] X 
2020-05-24 14:51:38,771 INFO  [Log] X 
2020-05-24 14:51:38,773 INFO  [Log] Clicking button   ---menu_Women 
2020-05-24 14:51:38,836 INFO  [Log] Not able to  to Click--menu_Women---Element <title> could not be scrolled into view
Build info: version: '3.141.59', revision: 'e82be7d358', time: '2018-11-14T08:25:48'
System info: host: 'ACRO-PC', ip: '192.168.1.135', os.name: 'Windows 10', os.arch: 'amd64', os.version: '10.0', java.version: '14.0.1'
Driver info: org.openqa.selenium.firefox.FirefoxDriver
Capabilities {acceptInsecureCerts: true, browserName: firefox, browserVersion: 77.0, javascriptEnabled: true, moz:accessibilityChecks: false, moz:buildID: 20200514211331, moz:geckodriverVersion: 0.26.0, moz:headless: false, moz:processID: 21348, moz:profile: C:\Users\Acro\AppData\Local..., moz:shutdownTimeout: 60000, moz:useNonSpecCompliantPointerOrigin: false, moz:webdriverClick: true, pageLoadStrategy: normal, platform: WINDOWS, platformName: WINDOWS, platformVersion: 10.0, rotatable: false, setWindowRect: true, strictFileInteractability: false, timeouts: {implicit: 0, pageLoad: 300000, script: 30000}, unhandledPromptBehavior: dismiss and notify}
Session ID: 8fb28585-236f-4e15-97a3-fe6d85e18048 
2020-05-24 14:51:38,969 INFO  [Log] Closing Browser 
2020-05-24 14:51:39,291 INFO  [Log] XXXXXXXXXXXXXXXXXXXXXXX             -E---N---D-             XXXXXXXXXXXXXXXXXXXXXX 
2020-05-24 14:51:39,291 INFO  [Log] X 
2020-05-24 14:51:39,291 INFO  [Log] X 
2020-05-24 14:51:39,291 INFO  [Log] X 
2020-05-24 14:51:39,292 INFO  [Log] X 
2020-05-24 14:51:49,358 INFO  [Log] Not able to getproductcost---Unable to locate element: object
For documentation on this error, please visit: https://www.seleniumhq.org/exceptions/no_such_element.html
Build info: version: '3.141.59', revision: 'e82be7d358', time: '2018-11-14T08:25:48'
System info: host: 'ACRO-PC', ip: '192.168.1.135', os.name: 'Windows 10', os.arch: 'amd64', os.version: '10.0', java.version: '14.0.1'
Driver info: org.openqa.selenium.firefox.FirefoxDriver
Capabilities {acceptInsecureCerts: true, browserName: firefox, browserVersion: 77.0, javascriptEnabled: true, moz:accessibilityChecks: false, moz:buildID: 20200514211331, moz:geckodriverVersion: 0.26.0, moz:headless: false, moz:processID: 21348, moz:profile: C:\Users\Acro\AppData\Local..., moz:shutdownTimeout: 60000, moz:useNonSpecCompliantPointerOrigin: false, moz:webdriverClick: true, pageLoadStrategy: normal, platform: WINDOWS, platformName: WINDOWS, platformVersion: 10.0, rotatable: false, setWindowRect: true, strictFileInteractability: false, timeouts: {implicit: 0, pageLoad: 300000, script: 30000}, unhandledPromptBehavior: dismiss and notify}
Session ID: 8fb28585-236f-4e15-97a3-fe6d85e18048
*** Element info: {Using=xpath, value=object} 
2020-05-24 14:51:49,511 INFO  [Log] Closing Browser 
2020-05-24 14:51:49,602 INFO  [Log] XXXXXXXXXXXXXXXXXXXXXXX             -E---N---D-             XXXXXXXXXXXXXXXXXXXXXX 
2020-05-24 14:51:49,603 INFO  [Log] X 
2020-05-24 14:51:49,603 INFO  [Log] X 
2020-05-24 14:51:49,603 INFO  [Log] X 
2020-05-24 14:51:49,603 INFO  [Log] X 
2020-05-24 14:51:49,606 INFO  [Log] Clicking button   ---lnk_Orders 
2020-05-24 14:52:06,352 INFO  [Log] Not able to verify --- Unable to locate element: object
For documentation on this error, please visit: https://www.seleniumhq.org/exceptions/no_such_element.html
Build info: version: '3.141.59', revision: 'e82be7d358', time: '2018-11-14T08:25:48'
System info: host: 'ACRO-PC', ip: '192.168.1.135', os.name: 'Windows 10', os.arch: 'amd64', os.version: '10.0', java.version: '14.0.1'
Driver info: org.openqa.selenium.firefox.FirefoxDriver
Capabilities {acceptInsecureCerts: true, browserName: firefox, browserVersion: 77.0, javascriptEnabled: true, moz:accessibilityChecks: false, moz:buildID: 20200514211331, moz:geckodriverVersion: 0.26.0, moz:headless: false, moz:processID: 21348, moz:profile: C:\Users\Acro\AppData\Local..., moz:shutdownTimeout: 60000, moz:useNonSpecCompliantPointerOrigin: false, moz:webdriverClick: true, pageLoadStrategy: normal, platform: WINDOWS, platformName: WINDOWS, platformVersion: 10.0, rotatable: false, setWindowRect: true, strictFileInteractability: false, timeouts: {implicit: 0, pageLoad: 300000, script: 30000}, unhandledPromptBehavior: dismiss and notify}
Session ID: 8fb28585-236f-4e15-97a3-fe6d85e18048
*** Element info: {Using=xpath, value=object} 
2020-05-24 14:52:06,541 INFO  [Log] Closing Browser 
2020-05-24 14:52:06,712 INFO  [Log] XXXXXXXXXXXXXXXXXXXXXXX             -E---N---D-             XXXXXXXXXXXXXXXXXXXXXX 
2020-05-24 14:52:06,712 INFO  [Log] X 
2020-05-24 14:52:06,712 INFO  [Log] X 
2020-05-24 14:52:06,712 INFO  [Log] X 
2020-05-24 14:52:06,713 INFO  [Log] X 
2020-05-24 14:58:04,159 INFO  [Log] Opening Browser 
2020-05-24 14:58:12,848 INFO  [Log] Mozilla browser started 
2020-05-24 14:58:13,551 INFO  [Log] Opening page URL 
2020-05-24 14:58:26,836 INFO  [Log] Clicking button   ---btn_Signin 
2020-05-24 14:58:29,910 INFO  [Log] Entering Email Address 
2020-05-24 14:58:30,232 INFO  [Log] Providing Password  
2020-05-24 14:58:30,729 INFO  [Log] Clicking button   ---txtbx_LoginBtn 
2020-05-24 14:58:33,765 INFO  [Log] Hover over 
2020-05-24 14:58:43,809 INFO  [Log] Not able to Hover --- Unable to locate element: object
For documentation on this error, please visit: https://www.seleniumhq.org/exceptions/no_such_element.html
Build info: version: '3.141.59', revision: 'e82be7d358', time: '2018-11-14T08:25:48'
System info: host: 'ACRO-PC', ip: '192.168.1.135', os.name: 'Windows 10', os.arch: 'amd64', os.version: '10.0', java.version: '14.0.1'
Driver info: org.openqa.selenium.firefox.FirefoxDriver
Capabilities {acceptInsecureCerts: true, browserName: firefox, browserVersion: 77.0, javascriptEnabled: true, moz:accessibilityChecks: false, moz:buildID: 20200514211331, moz:geckodriverVersion: 0.26.0, moz:headless: false, moz:processID: 11428, moz:profile: C:\Users\Acro\AppData\Local..., moz:shutdownTimeout: 60000, moz:useNonSpecCompliantPointerOrigin: false, moz:webdriverClick: true, pageLoadStrategy: normal, platform: WINDOWS, platformName: WINDOWS, platformVersion: 10.0, rotatable: false, setWindowRect: true, strictFileInteractability: false, timeouts: {implicit: 0, pageLoad: 300000, script: 30000}, unhandledPromptBehavior: dismiss and notify}
Session ID: ddde38ee-36df-4036-a150-9484c77349aa
*** Element info: {Using=xpath, value=object} 
2020-05-24 14:58:43,983 INFO  [Log] Closing Browser 
2020-05-24 14:58:44,084 INFO  [Log] XXXXXXXXXXXXXXXXXXXXXXX             -E---N---D-             XXXXXXXXXXXXXXXXXXXXXX 
2020-05-24 14:58:44,084 INFO  [Log] X 
2020-05-24 14:58:44,084 INFO  [Log] X 
2020-05-24 14:58:44,084 INFO  [Log] X 
2020-05-24 14:58:44,084 INFO  [Log] X 
2020-05-24 14:58:44,085 INFO  [Log] Hover over 
2020-05-24 14:58:54,108 INFO  [Log] Not able to Hover --- Unable to locate element: object
For documentation on this error, please visit: https://www.seleniumhq.org/exceptions/no_such_element.html
Build info: version: '3.141.59', revision: 'e82be7d358', time: '2018-11-14T08:25:48'
System info: host: 'ACRO-PC', ip: '192.168.1.135', os.name: 'Windows 10', os.arch: 'amd64', os.version: '10.0', java.version: '14.0.1'
Driver info: org.openqa.selenium.firefox.FirefoxDriver
Capabilities {acceptInsecureCerts: true, browserName: firefox, browserVersion: 77.0, javascriptEnabled: true, moz:accessibilityChecks: false, moz:buildID: 20200514211331, moz:geckodriverVersion: 0.26.0, moz:headless: false, moz:processID: 11428, moz:profile: C:\Users\Acro\AppData\Local..., moz:shutdownTimeout: 60000, moz:useNonSpecCompliantPointerOrigin: false, moz:webdriverClick: true, pageLoadStrategy: normal, platform: WINDOWS, platformName: WINDOWS, platformVersion: 10.0, rotatable: false, setWindowRect: true, strictFileInteractability: false, timeouts: {implicit: 0, pageLoad: 300000, script: 30000}, unhandledPromptBehavior: dismiss and notify}
Session ID: ddde38ee-36df-4036-a150-9484c77349aa
*** Element info: {Using=xpath, value=object} 
2020-05-24 14:58:54,442 INFO  [Log] Closing Browser 
2020-05-24 14:58:54,632 INFO  [Log] XXXXXXXXXXXXXXXXXXXXXXX             -E---N---D-             XXXXXXXXXXXXXXXXXXXXXX 
2020-05-24 14:58:54,632 INFO  [Log] X 
2020-05-24 14:58:54,632 INFO  [Log] X 
2020-05-24 14:58:54,633 INFO  [Log] X 
2020-05-24 14:58:54,633 INFO  [Log] X 
2020-05-24 14:59:04,651 INFO  [Log] Not able to getproductcost---Unable to locate element: object
For documentation on this error, please visit: https://www.seleniumhq.org/exceptions/no_such_element.html
Build info: version: '3.141.59', revision: 'e82be7d358', time: '2018-11-14T08:25:48'
System info: host: 'ACRO-PC', ip: '192.168.1.135', os.name: 'Windows 10', os.arch: 'amd64', os.version: '10.0', java.version: '14.0.1'
Driver info: org.openqa.selenium.firefox.FirefoxDriver
Capabilities {acceptInsecureCerts: true, browserName: firefox, browserVersion: 77.0, javascriptEnabled: true, moz:accessibilityChecks: false, moz:buildID: 20200514211331, moz:geckodriverVersion: 0.26.0, moz:headless: false, moz:processID: 11428, moz:profile: C:\Users\Acro\AppData\Local..., moz:shutdownTimeout: 60000, moz:useNonSpecCompliantPointerOrigin: false, moz:webdriverClick: true, pageLoadStrategy: normal, platform: WINDOWS, platformName: WINDOWS, platformVersion: 10.0, rotatable: false, setWindowRect: true, strictFileInteractability: false, timeouts: {implicit: 0, pageLoad: 300000, script: 30000}, unhandledPromptBehavior: dismiss and notify}
Session ID: ddde38ee-36df-4036-a150-9484c77349aa
*** Element info: {Using=xpath, value=object} 
2020-05-24 14:59:05,169 INFO  [Log] Closing Browser 
2020-05-24 14:59:05,276 INFO  [Log] XXXXXXXXXXXXXXXXXXXXXXX             -E---N---D-             XXXXXXXXXXXXXXXXXXXXXX 
2020-05-24 14:59:05,276 INFO  [Log] X 
2020-05-24 14:59:05,276 INFO  [Log] X 
2020-05-24 14:59:05,276 INFO  [Log] X 
2020-05-24 14:59:05,276 INFO  [Log] X 
2020-05-24 14:59:05,279 INFO  [Log] Clicking button   ---lnk_Orders 
2020-05-24 14:59:17,611 INFO  [Log] Not able to verify --- Unable to locate element: object
For documentation on this error, please visit: https://www.seleniumhq.org/exceptions/no_such_element.html
Build info: version: '3.141.59', revision: 'e82be7d358', time: '2018-11-14T08:25:48'
System info: host: 'ACRO-PC', ip: '192.168.1.135', os.name: 'Windows 10', os.arch: 'amd64', os.version: '10.0', java.version: '14.0.1'
Driver info: org.openqa.selenium.firefox.FirefoxDriver
Capabilities {acceptInsecureCerts: true, browserName: firefox, browserVersion: 77.0, javascriptEnabled: true, moz:accessibilityChecks: false, moz:buildID: 20200514211331, moz:geckodriverVersion: 0.26.0, moz:headless: false, moz:processID: 11428, moz:profile: C:\Users\Acro\AppData\Local..., moz:shutdownTimeout: 60000, moz:useNonSpecCompliantPointerOrigin: false, moz:webdriverClick: true, pageLoadStrategy: normal, platform: WINDOWS, platformName: WINDOWS, platformVersion: 10.0, rotatable: false, setWindowRect: true, strictFileInteractability: false, timeouts: {implicit: 0, pageLoad: 300000, script: 30000}, unhandledPromptBehavior: dismiss and notify}
Session ID: ddde38ee-36df-4036-a150-9484c77349aa
*** Element info: {Using=xpath, value=object} 
2020-05-24 14:59:17,712 INFO  [Log] Closing Browser 
2020-05-24 14:59:17,802 INFO  [Log] XXXXXXXXXXXXXXXXXXXXXXX             -E---N---D-             XXXXXXXXXXXXXXXXXXXXXX 
2020-05-24 14:59:17,802 INFO  [Log] X 
2020-05-24 14:59:17,802 INFO  [Log] X 
2020-05-24 14:59:17,802 INFO  [Log] X 
2020-05-24 14:59:17,802 INFO  [Log] X 
2020-05-24 15:09:58,046 INFO  [Log] Opening Browser 
2020-05-24 15:10:18,877 INFO  [Log] Not able to open the Browser --- Timed out waiting for driver server to start.
Build info: version: '3.141.59', revision: 'e82be7d358', time: '2018-11-14T08:25:48'
System info: host: 'ACRO-PC', ip: '192.168.1.135', os.name: 'Windows 10', os.arch: 'amd64', os.version: '10.0', java.version: '14.0.1'
Driver info: driver.version: ChromeDriver 
2020-05-24 15:10:21,737 INFO  [Log] Closing Browser 
2020-05-24 15:10:22,115 INFO  [Log] XXXXXXXXXXXXXXXXXXXXXXX             -E---N---D-             XXXXXXXXXXXXXXXXXXXXXX 
2020-05-24 15:10:22,115 INFO  [Log] X 
2020-05-24 15:10:22,115 INFO  [Log] X 
2020-05-24 15:10:22,115 INFO  [Log] X 
2020-05-24 15:10:22,118 INFO  [Log] X 
2020-05-24 15:10:22,123 INFO  [Log] Hover over 
2020-05-24 15:10:22,219 INFO  [Log] Not able to Hover --- null 
2020-05-24 15:10:22,417 INFO  [Log] Closing Browser 
2020-05-24 15:10:22,904 INFO  [Log] XXXXXXXXXXXXXXXXXXXXXXX             -E---N---D-             XXXXXXXXXXXXXXXXXXXXXX 
2020-05-24 15:10:22,906 INFO  [Log] X 
2020-05-24 15:10:22,906 INFO  [Log] X 
2020-05-24 15:10:22,906 INFO  [Log] X 
2020-05-24 15:10:22,906 INFO  [Log] X 
2020-05-24 15:10:22,941 INFO  [Log] Not able to getproductcost---null 
2020-05-24 15:10:23,121 INFO  [Log] Closing Browser 
2020-05-24 15:10:23,301 INFO  [Log] XXXXXXXXXXXXXXXXXXXXXXX             -E---N---D-             XXXXXXXXXXXXXXXXXXXXXX 
2020-05-24 15:10:23,301 INFO  [Log] X 
2020-05-24 15:10:23,301 INFO  [Log] X 
2020-05-24 15:10:23,301 INFO  [Log] X 
2020-05-24 15:10:23,301 INFO  [Log] X 
2020-05-24 15:10:23,303 INFO  [Log] Clicking button   ---lnk_Orders 
2020-05-24 15:10:23,323 INFO  [Log] Not able to  to Click--lnk_Orders---null 
2020-05-24 15:10:23,543 INFO  [Log] Closing Browser 
2020-05-24 15:10:23,771 INFO  [Log] XXXXXXXXXXXXXXXXXXXXXXX             -E---N---D-             XXXXXXXXXXXXXXXXXXXXXX 
2020-05-24 15:10:23,771 INFO  [Log] X 
2020-05-24 15:10:23,771 INFO  [Log] X 
2020-05-24 15:10:23,772 INFO  [Log] X 
2020-05-24 15:10:23,772 INFO  [Log] X 
2020-05-24 15:11:01,692 INFO  [Log] Opening Browser 
2020-05-24 15:11:15,044 INFO  [Log] Chrome browser started 
2020-05-24 15:11:15,660 INFO  [Log] Opening page URL 
2020-05-24 15:11:30,019 INFO  [Log] Clicking button   ---btn_Signin 
2020-05-24 15:11:32,559 INFO  [Log] Entering Email Address 
2020-05-24 15:11:35,635 INFO  [Log] Providing Password  
2020-05-24 15:11:36,092 INFO  [Log] Clicking button   ---txtbx_LoginBtn 
2020-05-24 15:11:47,090 INFO  [Log] Hover over 
2020-05-24 15:11:57,359 INFO  [Log] Not able to Hover --- no such element: Unable to locate element: {"method":"xpath","selector":"object"}
  (Session info: chrome=81.0.4044.138)
For documentation on this error, please visit: https://www.seleniumhq.org/exceptions/no_such_element.html
Build info: version: '3.141.59', revision: 'e82be7d358', time: '2018-11-14T08:25:48'
System info: host: 'ACRO-PC', ip: '192.168.1.135', os.name: 'Windows 10', os.arch: 'amd64', os.version: '10.0', java.version: '14.0.1'
Driver info: org.openqa.selenium.chrome.ChromeDriver
Capabilities {acceptInsecureCerts: false, browserName: chrome, browserVersion: 81.0.4044.138, chrome: {chromedriverVersion: 81.0.4044.138 (8c6c7ba89cc9..., userDataDir: C:\Users\Acro\AppData\Local...}, goog:chromeOptions: {debuggerAddress: localhost:51312}, javascriptEnabled: true, networkConnectionEnabled: false, pageLoadStrategy: normal, platform: WINDOWS, platformName: WINDOWS, proxy: Proxy(), setWindowRect: true, strictFileInteractability: false, timeouts: {implicit: 0, pageLoad: 300000, script: 30000}, unhandledPromptBehavior: dismiss and notify, webauthn:virtualAuthenticators: true}
Session ID: 86a0e038b9f402248f50e10d31aebe17
*** Element info: {Using=xpath, value=object} 
2020-05-24 15:11:57,489 INFO  [Log] Closing Browser 
2020-05-24 15:11:57,904 INFO  [Log] XXXXXXXXXXXXXXXXXXXXXXX             -E---N---D-             XXXXXXXXXXXXXXXXXXXXXX 
2020-05-24 15:11:57,904 INFO  [Log] X 
2020-05-24 15:11:57,904 INFO  [Log] X 
2020-05-24 15:11:57,904 INFO  [Log] X 
2020-05-24 15:11:57,904 INFO  [Log] X 
2020-05-24 15:11:57,907 INFO  [Log] Hover over 
2020-05-24 15:12:07,966 INFO  [Log] Not able to Hover --- no such element: Unable to locate element: {"method":"xpath","selector":"object"}
  (Session info: chrome=81.0.4044.138)
For documentation on this error, please visit: https://www.seleniumhq.org/exceptions/no_such_element.html
Build info: version: '3.141.59', revision: 'e82be7d358', time: '2018-11-14T08:25:48'
System info: host: 'ACRO-PC', ip: '192.168.1.135', os.name: 'Windows 10', os.arch: 'amd64', os.version: '10.0', java.version: '14.0.1'
Driver info: org.openqa.selenium.chrome.ChromeDriver
Capabilities {acceptInsecureCerts: false, browserName: chrome, browserVersion: 81.0.4044.138, chrome: {chromedriverVersion: 81.0.4044.138 (8c6c7ba89cc9..., userDataDir: C:\Users\Acro\AppData\Local...}, goog:chromeOptions: {debuggerAddress: localhost:51312}, javascriptEnabled: true, networkConnectionEnabled: false, pageLoadStrategy: normal, platform: WINDOWS, platformName: WINDOWS, proxy: Proxy(), setWindowRect: true, strictFileInteractability: false, timeouts: {implicit: 0, pageLoad: 300000, script: 30000}, unhandledPromptBehavior: dismiss and notify, webauthn:virtualAuthenticators: true}
Session ID: 86a0e038b9f402248f50e10d31aebe17
*** Element info: {Using=xpath, value=object} 
2020-05-24 15:12:08,063 INFO  [Log] Closing Browser 
2020-05-24 15:12:08,245 INFO  [Log] XXXXXXXXXXXXXXXXXXXXXXX             -E---N---D-             XXXXXXXXXXXXXXXXXXXXXX 
2020-05-24 15:12:08,245 INFO  [Log] X 
2020-05-24 15:12:08,246 INFO  [Log] X 
2020-05-24 15:12:08,246 INFO  [Log] X 
2020-05-24 15:12:08,246 INFO  [Log] X 
2020-05-24 15:12:18,300 INFO  [Log] Not able to getproductcost---no such element: Unable to locate element: {"method":"xpath","selector":"object"}
  (Session info: chrome=81.0.4044.138)
For documentation on this error, please visit: https://www.seleniumhq.org/exceptions/no_such_element.html
Build info: version: '3.141.59', revision: 'e82be7d358', time: '2018-11-14T08:25:48'
System info: host: 'ACRO-PC', ip: '192.168.1.135', os.name: 'Windows 10', os.arch: 'amd64', os.version: '10.0', java.version: '14.0.1'
Driver info: org.openqa.selenium.chrome.ChromeDriver
Capabilities {acceptInsecureCerts: false, browserName: chrome, browserVersion: 81.0.4044.138, chrome: {chromedriverVersion: 81.0.4044.138 (8c6c7ba89cc9..., userDataDir: C:\Users\Acro\AppData\Local...}, goog:chromeOptions: {debuggerAddress: localhost:51312}, javascriptEnabled: true, networkConnectionEnabled: false, pageLoadStrategy: normal, platform: WINDOWS, platformName: WINDOWS, proxy: Proxy(), setWindowRect: true, strictFileInteractability: false, timeouts: {implicit: 0, pageLoad: 300000, script: 30000}, unhandledPromptBehavior: dismiss and notify, webauthn:virtualAuthenticators: true}
Session ID: 86a0e038b9f402248f50e10d31aebe17
*** Element info: {Using=xpath, value=object} 
2020-05-24 15:12:19,669 INFO  [Log] Closing Browser 
2020-05-24 15:12:19,834 INFO  [Log] XXXXXXXXXXXXXXXXXXXXXXX             -E---N---D-             XXXXXXXXXXXXXXXXXXXXXX 
2020-05-24 15:12:19,834 INFO  [Log] X 
2020-05-24 15:12:19,834 INFO  [Log] X 
2020-05-24 15:12:19,834 INFO  [Log] X 
2020-05-24 15:12:19,834 INFO  [Log] X 
2020-05-24 15:12:19,853 INFO  [Log] Clicking button   ---lnk_Orders 
2020-05-24 15:12:32,272 INFO  [Log] Not able to verify --- no such element: Unable to locate element: {"method":"xpath","selector":"object"}
  (Session info: chrome=81.0.4044.138)
For documentation on this error, please visit: https://www.seleniumhq.org/exceptions/no_such_element.html
Build info: version: '3.141.59', revision: 'e82be7d358', time: '2018-11-14T08:25:48'
System info: host: 'ACRO-PC', ip: '192.168.1.135', os.name: 'Windows 10', os.arch: 'amd64', os.version: '10.0', java.version: '14.0.1'
Driver info: org.openqa.selenium.chrome.ChromeDriver
Capabilities {acceptInsecureCerts: false, browserName: chrome, browserVersion: 81.0.4044.138, chrome: {chromedriverVersion: 81.0.4044.138 (8c6c7ba89cc9..., userDataDir: C:\Users\Acro\AppData\Local...}, goog:chromeOptions: {debuggerAddress: localhost:51312}, javascriptEnabled: true, networkConnectionEnabled: false, pageLoadStrategy: normal, platform: WINDOWS, platformName: WINDOWS, proxy: Proxy(), setWindowRect: true, strictFileInteractability: false, timeouts: {implicit: 0, pageLoad: 300000, script: 30000}, unhandledPromptBehavior: dismiss and notify, webauthn:virtualAuthenticators: true}
Session ID: 86a0e038b9f402248f50e10d31aebe17
*** Element info: {Using=xpath, value=object} 
2020-05-24 15:12:32,360 INFO  [Log] Closing Browser 
2020-05-24 15:12:32,876 INFO  [Log] XXXXXXXXXXXXXXXXXXXXXXX             -E---N---D-             XXXXXXXXXXXXXXXXXXXXXX 
2020-05-24 15:12:32,876 INFO  [Log] X 
2020-05-24 15:12:32,876 INFO  [Log] X 
2020-05-24 15:12:32,876 INFO  [Log] X 
2020-05-24 15:12:32,876 INFO  [Log] X 
